;  LST file generated by mikroListExporter - v.2.0 
; Date/Time: 19/01/2017 14:18:47
;----------------------------------------------

;Address Opcode 	ASM
0x0000	0x2994      	GOTO       404
_interrupt:
0x0004	0x00FF      	MOVWF      R15
0x0005	0x0E03      	SWAPF      STATUS, 0
0x0006	0x0183      	CLRF       STATUS
0x0007	0x00E1      	MOVWF      ___saveSTATUS
0x0008	0x080A      	MOVF       PCLATH, 0
0x0009	0x00E2      	MOVWF      ___savePCLATH
0x000A	0x018A      	CLRF       PCLATH
;TP3SB.c,11 :: 		void interrupt()
;TP3SB.c,13 :: 		if(INTCON.T0IF == 1) // Verifica a flag de overflow
0x000B	0x1D0B      	BTFSS      INTCON, 2
0x000C	0x2811      	GOTO       L_interrupt0
;TP3SB.c,15 :: 		INTCON.T0IF = 0; // Reseta a flag de overflow
0x000D	0x110B      	BCF        INTCON, 2
;TP3SB.c,16 :: 		contador++;
0x000E	0x0AA0      	INCF       _contador, 1
;TP3SB.c,17 :: 		TMR0 = 12;
0x000F	0x300C      	MOVLW      12
0x0010	0x0081      	MOVWF      TMR0
;TP3SB.c,18 :: 		}
L_interrupt0:
;TP3SB.c,19 :: 		}
L_end_interrupt:
L__interrupt17:
0x0011	0x0862      	MOVF       ___savePCLATH, 0
0x0012	0x008A      	MOVWF      PCLATH
0x0013	0x0E61      	SWAPF      ___saveSTATUS, 0
0x0014	0x0083      	MOVWF      STATUS
0x0015	0x0EFF      	SWAPF      R15, 1
0x0016	0x0E7F      	SWAPF      R15, 0
0x0017	0x0009      	RETFIE
; end of _interrupt
_Div_16X16_U:
;__Lib_Math.c,215 :: 		
;__Lib_Math.c,222 :: 		
0x0018	0x1283      	BCF        STATUS, 5
;__Lib_Math.c,223 :: 		
0x0019	0x1303      	BCF        STATUS, 6
;__Lib_Math.c,224 :: 		
0x001A	0x01F8      	CLRF       R8
;__Lib_Math.c,225 :: 		
0x001B	0x01F9      	CLRF       R9
;__Lib_Math.c,226 :: 		
0x001C	0x3010      	MOVLW      16
;__Lib_Math.c,227 :: 		
0x001D	0x00FC      	MOVWF      R12
;__Lib_Math.c,228 :: 		
0x001E	0x0D71      	RLF        R1, 0
;__Lib_Math.c,229 :: 		
0x001F	0x0DF8      	RLF        R8, 1
;__Lib_Math.c,230 :: 		
0x0020	0x0DF9      	RLF        R9, 1
;__Lib_Math.c,231 :: 		
0x0021	0x0874      	MOVF       R4, 0
;__Lib_Math.c,232 :: 		
0x0022	0x02F8      	SUBWF      R8, 1
;__Lib_Math.c,233 :: 		
0x0023	0x0875      	MOVF       R5, 0
;__Lib_Math.c,234 :: 		
0x0024	0x1C03      	BTFSS      STATUS, 0
;__Lib_Math.c,235 :: 		
0x0025	0x0F75      	INCFSZ     R5, 0
;__Lib_Math.c,236 :: 		
0x0026	0x02F9      	SUBWF      R9, 1
;__Lib_Math.c,237 :: 		
0x0027	0x1803      	BTFSC      STATUS, 0
;__Lib_Math.c,238 :: 		
0x0028	0x2830      	GOTO       $+8
;__Lib_Math.c,239 :: 		
0x0029	0x0874      	MOVF       R4, 0
;__Lib_Math.c,240 :: 		
0x002A	0x07F8      	ADDWF      R8, 1
;__Lib_Math.c,241 :: 		
0x002B	0x0875      	MOVF       R5, 0
;__Lib_Math.c,242 :: 		
0x002C	0x1803      	BTFSC      STATUS, 0
;__Lib_Math.c,243 :: 		
0x002D	0x0F75      	INCFSZ     R5, 0
;__Lib_Math.c,244 :: 		
0x002E	0x07F9      	ADDWF      R9, 1
;__Lib_Math.c,245 :: 		
0x002F	0x1003      	BCF        STATUS, 0
;__Lib_Math.c,246 :: 		
0x0030	0x0DF0      	RLF        R0, 1
;__Lib_Math.c,247 :: 		
0x0031	0x0DF1      	RLF        R1, 1
;__Lib_Math.c,248 :: 		
0x0032	0x0BFC      	DECFSZ     R12, 1
;__Lib_Math.c,249 :: 		
0x0033	0x281E      	GOTO       $-21
;__Lib_Math.c,251 :: 		
L_end_Div_16X16_U:
0x0034	0x0008      	RETURN
; end of _Div_16X16_U
_lcd_wr:
;lcd.c,29 :: 		void lcd_wr(unsigned char val)
;lcd.c,31 :: 		LPORT=val;
0x0035	0x1683      	BSF        STATUS, 5
0x0036	0x1303      	BCF        STATUS, 6
0x0037	0x0865      	MOVF       FARG_lcd_wr_val, 0
0x0038	0x1283      	BCF        STATUS, 5
0x0039	0x0088      	MOVWF      PORTD
;lcd.c,32 :: 		}
L_end_lcd_wr:
0x003A	0x0008      	RETURN
; end of _lcd_wr
_atraso_ms:
;atraso.c,28 :: 		void atraso_ms(unsigned int valor)
;atraso.c,33 :: 		for (i =0; i< valor; i++)
0x003B	0x1283      	BCF        STATUS, 5
0x003C	0x1303      	BCF        STATUS, 6
0x003D	0x01F1      	CLRF       R1
0x003E	0x01F2      	CLRF       R1+1
L_atraso_ms0:
0x003F	0x1683      	BSF        STATUS, 5
0x0040	0x0866      	MOVF       FARG_atraso_ms_valor+1, 0
0x0041	0x0272      	SUBWF      R1+1, 0
0x0042	0x1D03      	BTFSS      STATUS, 2
0x0043	0x2846      	GOTO       L__atraso_ms7
0x0044	0x0865      	MOVF       FARG_atraso_ms_valor, 0
0x0045	0x0271      	SUBWF      R1, 0
L__atraso_ms7:
0x0046	0x1803      	BTFSC      STATUS, 0
0x0047	0x2853      	GOTO       L_atraso_ms1
;atraso.c,36 :: 		for (j =0 ; j < 200; j++)
0x0048	0x01F3      	CLRF       R3
L_atraso_ms3:
0x0049	0x30C8      	MOVLW      200
0x004A	0x0273      	SUBWF      R3, 0
0x004B	0x1803      	BTFSC      STATUS, 0
0x004C	0x284F      	GOTO       L_atraso_ms4
0x004D	0x0AF3      	INCF       R3, 1
;atraso.c,38 :: 		}
0x004E	0x2849      	GOTO       L_atraso_ms3
L_atraso_ms4:
;atraso.c,33 :: 		for (i =0; i< valor; i++)
0x004F	0x0AF1      	INCF       R1, 1
0x0050	0x1903      	BTFSC      STATUS, 2
0x0051	0x0AF2      	INCF       R1+1, 1
;atraso.c,39 :: 		}
0x0052	0x283F      	GOTO       L_atraso_ms0
L_atraso_ms1:
;atraso.c,40 :: 		}
L_end_atraso_ms:
0x0053	0x0008      	RETURN
; end of _atraso_ms
_WordToStr:
;__Lib_Conversions.c,84 :: 		
;__Lib_Conversions.c,89 :: 		
0x0054	0x1283      	BCF        STATUS, 5
0x0055	0x1303      	BCF        STATUS, 6
0x0056	0x01EF      	CLRF       WordToStr_len_L0
L_WordToStr6:
0x0057	0x3005      	MOVLW      5
0x0058	0x026F      	SUBWF      WordToStr_len_L0, 0
0x0059	0x1803      	BTFSC      STATUS, 0
0x005A	0x2862      	GOTO       L_WordToStr7
;__Lib_Conversions.c,90 :: 		
0x005B	0x086F      	MOVF       WordToStr_len_L0, 0
0x005C	0x076E      	ADDWF      FARG_WordToStr_output, 0
0x005D	0x0084      	MOVWF      FSR
0x005E	0x3020      	MOVLW      32
0x005F	0x0080      	MOVWF      INDF
;__Lib_Conversions.c,89 :: 		
0x0060	0x0AEF      	INCF       WordToStr_len_L0, 1
;__Lib_Conversions.c,90 :: 		
0x0061	0x2857      	GOTO       L_WordToStr6
L_WordToStr7:
;__Lib_Conversions.c,91 :: 		
0x0062	0x086F      	MOVF       WordToStr_len_L0, 0
0x0063	0x076E      	ADDWF      FARG_WordToStr_output, 0
0x0064	0x0084      	MOVWF      FSR
0x0065	0x0180      	CLRF       INDF
0x0066	0x03EF      	DECF       WordToStr_len_L0, 1
;__Lib_Conversions.c,93 :: 		
L_WordToStr9:
;__Lib_Conversions.c,94 :: 		
0x0067	0x086F      	MOVF       WordToStr_len_L0, 0
0x0068	0x076E      	ADDWF      FARG_WordToStr_output, 0
0x0069	0x1683      	BSF        STATUS, 5
0x006A	0x00E4      	MOVWF      FLOC__WordToStr
0x006B	0x300A      	MOVLW      10
0x006C	0x00F4      	MOVWF      R4
0x006D	0x01F5      	CLRF       R4+1
0x006E	0x1283      	BCF        STATUS, 5
0x006F	0x086C      	MOVF       FARG_WordToStr_input, 0
0x0070	0x00F0      	MOVWF      R0
0x0071	0x086D      	MOVF       FARG_WordToStr_input+1, 0
0x0072	0x00F1      	MOVWF      R0+1
0x0073	0x2018      	CALL       _Div_16X16_U
0x0074	0x0878      	MOVF       R8, 0
0x0075	0x00F0      	MOVWF      R0
0x0076	0x0879      	MOVF       R8+1, 0
0x0077	0x00F1      	MOVWF      R0+1
0x0078	0x3030      	MOVLW      48
0x0079	0x07F0      	ADDWF      R0, 1
0x007A	0x1683      	BSF        STATUS, 5
0x007B	0x0864      	MOVF       FLOC__WordToStr, 0
0x007C	0x0084      	MOVWF      FSR
0x007D	0x0870      	MOVF       R0, 0
0x007E	0x0080      	MOVWF      INDF
;__Lib_Conversions.c,95 :: 		
0x007F	0x300A      	MOVLW      10
0x0080	0x00F4      	MOVWF      R4
0x0081	0x01F5      	CLRF       R4+1
0x0082	0x1283      	BCF        STATUS, 5
0x0083	0x086C      	MOVF       FARG_WordToStr_input, 0
0x0084	0x00F0      	MOVWF      R0
0x0085	0x086D      	MOVF       FARG_WordToStr_input+1, 0
0x0086	0x00F1      	MOVWF      R0+1
0x0087	0x2018      	CALL       _Div_16X16_U
0x0088	0x0870      	MOVF       R0, 0
0x0089	0x00EC      	MOVWF      FARG_WordToStr_input
0x008A	0x0871      	MOVF       R0+1, 0
0x008B	0x00ED      	MOVWF      FARG_WordToStr_input+1
;__Lib_Conversions.c,96 :: 		
0x008C	0x3000      	MOVLW      0
0x008D	0x0671      	XORWF      R0+1, 0
0x008E	0x1D03      	BTFSS      STATUS, 2
0x008F	0x2892      	GOTO       L__WordToStr109
0x0090	0x3000      	MOVLW      0
0x0091	0x0670      	XORWF      R0, 0
L__WordToStr109:
0x0092	0x1D03      	BTFSS      STATUS, 2
0x0093	0x2895      	GOTO       L_WordToStr11
;__Lib_Conversions.c,97 :: 		
0x0094	0x2897      	GOTO       L_WordToStr10
L_WordToStr11:
;__Lib_Conversions.c,98 :: 		
0x0095	0x03EF      	DECF       WordToStr_len_L0, 1
;__Lib_Conversions.c,99 :: 		
0x0096	0x2867      	GOTO       L_WordToStr9
L_WordToStr10:
;__Lib_Conversions.c,100 :: 		
L_end_WordToStr:
0x0097	0x0008      	RETURN
; end of _WordToStr
_____DoICP:
;__Lib_System.c,6 :: 		
;__Lib_System.c,9 :: 		
0x0098	0x1283      	BCF        STATUS, 5
0x0099	0x1303      	BCF        STATUS, 6
0x009A	0x0860      	MOVF       ___DoICPAddr+1, 0
0x009B	0x008A      	MOVWF      PCLATH
;__Lib_System.c,10 :: 		
0x009C	0x085F      	MOVF       ___DoICPAddr, 0
0x009D	0x0082      	MOVWF      PCL
;__Lib_System.c,12 :: 		
L_end_____DoICP:
0x009E	0x0008      	RETURN
; end of _____DoICP
_lcd_cmdd:
;lcd.c,34 :: 		void lcd_cmdd(unsigned char val)
;lcd.c,36 :: 		LENA=1;
0x009F	0x1283      	BCF        STATUS, 5
0x00A0	0x1303      	BCF        STATUS, 6
0x00A1	0x1489      	BSF        PORTE, 1
;lcd.c,37 :: 		lcd_wr(val);
0x00A2	0x086C      	MOVF       FARG_lcd_cmdd_val, 0
0x00A3	0x1683      	BSF        STATUS, 5
0x00A4	0x00E5      	MOVWF      FARG_lcd_wr_val
0x00A5	0x2035      	CALL       _lcd_wr
;lcd.c,38 :: 		LDAT=0;
0x00A6	0x1009      	BCF        PORTE, 0
;lcd.c,39 :: 		atraso_ms(3);
0x00A7	0x3003      	MOVLW      3
0x00A8	0x1683      	BSF        STATUS, 5
0x00A9	0x00E5      	MOVWF      FARG_atraso_ms_valor
0x00AA	0x3000      	MOVLW      0
0x00AB	0x00E6      	MOVWF      FARG_atraso_ms_valor+1
0x00AC	0x203B      	CALL       _atraso_ms
;lcd.c,40 :: 		LENA=0;
0x00AD	0x1283      	BCF        STATUS, 5
0x00AE	0x1303      	BCF        STATUS, 6
0x00AF	0x1089      	BCF        PORTE, 1
;lcd.c,41 :: 		atraso_ms(3);
0x00B0	0x3003      	MOVLW      3
0x00B1	0x1683      	BSF        STATUS, 5
0x00B2	0x00E5      	MOVWF      FARG_atraso_ms_valor
0x00B3	0x3000      	MOVLW      0
0x00B4	0x00E6      	MOVWF      FARG_atraso_ms_valor+1
0x00B5	0x203B      	CALL       _atraso_ms
;lcd.c,42 :: 		LENA=1;
0x00B6	0x1283      	BCF        STATUS, 5
0x00B7	0x1303      	BCF        STATUS, 6
0x00B8	0x1489      	BSF        PORTE, 1
;lcd.c,43 :: 		}
L_end_lcd_cmdd:
0x00B9	0x0008      	RETURN
; end of _lcd_cmdd
_lcd_dat:
;lcd.c,45 :: 		void lcd_dat(unsigned char val)
;lcd.c,47 :: 		LENA=1;
0x00BA	0x1283      	BCF        STATUS, 5
0x00BB	0x1303      	BCF        STATUS, 6
0x00BC	0x1489      	BSF        PORTE, 1
;lcd.c,48 :: 		lcd_wr(val);
0x00BD	0x086C      	MOVF       FARG_lcd_dat_val, 0
0x00BE	0x1683      	BSF        STATUS, 5
0x00BF	0x00E5      	MOVWF      FARG_lcd_wr_val
0x00C0	0x2035      	CALL       _lcd_wr
;lcd.c,49 :: 		LDAT=1;
0x00C1	0x1409      	BSF        PORTE, 0
;lcd.c,50 :: 		atraso_ms(3);
0x00C2	0x3003      	MOVLW      3
0x00C3	0x1683      	BSF        STATUS, 5
0x00C4	0x00E5      	MOVWF      FARG_atraso_ms_valor
0x00C5	0x3000      	MOVLW      0
0x00C6	0x00E6      	MOVWF      FARG_atraso_ms_valor+1
0x00C7	0x203B      	CALL       _atraso_ms
;lcd.c,51 :: 		LENA=0;
0x00C8	0x1283      	BCF        STATUS, 5
0x00C9	0x1303      	BCF        STATUS, 6
0x00CA	0x1089      	BCF        PORTE, 1
;lcd.c,52 :: 		atraso_ms(3);
0x00CB	0x3003      	MOVLW      3
0x00CC	0x1683      	BSF        STATUS, 5
0x00CD	0x00E5      	MOVWF      FARG_atraso_ms_valor
0x00CE	0x3000      	MOVLW      0
0x00CF	0x00E6      	MOVWF      FARG_atraso_ms_valor+1
0x00D0	0x203B      	CALL       _atraso_ms
;lcd.c,53 :: 		LENA=1;
0x00D1	0x1283      	BCF        STATUS, 5
0x00D2	0x1303      	BCF        STATUS, 6
0x00D3	0x1489      	BSF        PORTE, 1
;lcd.c,54 :: 		}
L_end_lcd_dat:
0x00D4	0x0008      	RETURN
; end of _lcd_dat
_lcd_str:
;lcd.c,75 :: 		void lcd_str(char* str)
;lcd.c,77 :: 		unsigned char i=0;
0x00D5	0x1283      	BCF        STATUS, 5
0x00D6	0x1303      	BCF        STATUS, 6
0x00D7	0x01E4      	CLRF       lcd_str_i_L0
;lcd.c,79 :: 		while(str[i] != 0)
L_lcd_str0:
0x00D8	0x0864      	MOVF       lcd_str_i_L0, 0
0x00D9	0x0763      	ADDWF      FARG_lcd_str_str, 0
0x00DA	0x0084      	MOVWF      FSR
0x00DB	0x0800      	MOVF       INDF, 0
0x00DC	0x3A00      	XORLW      0
0x00DD	0x1903      	BTFSC      STATUS, 2
0x00DE	0x28E7      	GOTO       L_lcd_str1
;lcd.c,81 :: 		lcd_dat(str[i]);
0x00DF	0x0864      	MOVF       lcd_str_i_L0, 0
0x00E0	0x0763      	ADDWF      FARG_lcd_str_str, 0
0x00E1	0x0084      	MOVWF      FSR
0x00E2	0x0800      	MOVF       INDF, 0
0x00E3	0x00EC      	MOVWF      FARG_lcd_dat_val
0x00E4	0x20BA      	CALL       _lcd_dat
;lcd.c,82 :: 		i++;
0x00E5	0x0AE4      	INCF       lcd_str_i_L0, 1
;lcd.c,83 :: 		}
0x00E6	0x28D8      	GOTO       L_lcd_str0
L_lcd_str1:
;lcd.c,84 :: 		}
L_end_lcd_str:
0x00E7	0x0008      	RETURN
; end of _lcd_str
_lcd_initt:
;lcd.c,56 :: 		void lcd_initt(void)
;lcd.c,58 :: 		LENA=0;
0x00E8	0x1283      	BCF        STATUS, 5
0x00E9	0x1303      	BCF        STATUS, 6
0x00EA	0x1089      	BCF        PORTE, 1
;lcd.c,59 :: 		LDAT=0;
0x00EB	0x1009      	BCF        PORTE, 0
;lcd.c,60 :: 		atraso_ms(20);
0x00EC	0x3014      	MOVLW      20
0x00ED	0x1683      	BSF        STATUS, 5
0x00EE	0x00E5      	MOVWF      FARG_atraso_ms_valor
0x00EF	0x3000      	MOVLW      0
0x00F0	0x00E6      	MOVWF      FARG_atraso_ms_valor+1
0x00F1	0x203B      	CALL       _atraso_ms
;lcd.c,61 :: 		LENA=1;
0x00F2	0x1283      	BCF        STATUS, 5
0x00F3	0x1303      	BCF        STATUS, 6
0x00F4	0x1489      	BSF        PORTE, 1
;lcd.c,63 :: 		lcd_cmdd(L_CFG);
0x00F5	0x3038      	MOVLW      56
0x00F6	0x00EC      	MOVWF      FARG_lcd_cmdd_val
0x00F7	0x209F      	CALL       _lcd_cmdd
;lcd.c,64 :: 		atraso_ms(5);
0x00F8	0x3005      	MOVLW      5
0x00F9	0x1683      	BSF        STATUS, 5
0x00FA	0x00E5      	MOVWF      FARG_atraso_ms_valor
0x00FB	0x3000      	MOVLW      0
0x00FC	0x00E6      	MOVWF      FARG_atraso_ms_valor+1
0x00FD	0x203B      	CALL       _atraso_ms
;lcd.c,65 :: 		lcd_cmdd(L_CFG);
0x00FE	0x3038      	MOVLW      56
0x00FF	0x1283      	BCF        STATUS, 5
0x0100	0x1303      	BCF        STATUS, 6
0x0101	0x00EC      	MOVWF      FARG_lcd_cmdd_val
0x0102	0x209F      	CALL       _lcd_cmdd
;lcd.c,66 :: 		atraso_ms(1);
0x0103	0x3001      	MOVLW      1
0x0104	0x1683      	BSF        STATUS, 5
0x0105	0x00E5      	MOVWF      FARG_atraso_ms_valor
0x0106	0x3000      	MOVLW      0
0x0107	0x00E6      	MOVWF      FARG_atraso_ms_valor+1
0x0108	0x203B      	CALL       _atraso_ms
;lcd.c,67 :: 		lcd_cmdd(L_CFG); //configura
0x0109	0x3038      	MOVLW      56
0x010A	0x1283      	BCF        STATUS, 5
0x010B	0x1303      	BCF        STATUS, 6
0x010C	0x00EC      	MOVWF      FARG_lcd_cmdd_val
0x010D	0x209F      	CALL       _lcd_cmdd
;lcd.c,68 :: 		lcd_cmdd(L_OFF);
0x010E	0x3008      	MOVLW      8
0x010F	0x00EC      	MOVWF      FARG_lcd_cmdd_val
0x0110	0x209F      	CALL       _lcd_cmdd
;lcd.c,69 :: 		lcd_cmdd(L_ON); //liga
0x0111	0x300F      	MOVLW      15
0x0112	0x00EC      	MOVWF      FARG_lcd_cmdd_val
0x0113	0x209F      	CALL       _lcd_cmdd
;lcd.c,70 :: 		lcd_cmdd(L_CLR); //limpa
0x0114	0x3001      	MOVLW      1
0x0115	0x00EC      	MOVWF      FARG_lcd_cmdd_val
0x0116	0x209F      	CALL       _lcd_cmdd
;lcd.c,71 :: 		lcd_cmdd(L_CFG); //configura
0x0117	0x3038      	MOVLW      56
0x0118	0x00EC      	MOVWF      FARG_lcd_cmdd_val
0x0119	0x209F      	CALL       _lcd_cmdd
;lcd.c,72 :: 		lcd_cmdd(L_L1);
0x011A	0x3080      	MOVLW      128
0x011B	0x00EC      	MOVWF      FARG_lcd_cmdd_val
0x011C	0x209F      	CALL       _lcd_cmdd
;lcd.c,73 :: 		}
L_end_lcd_initt:
0x011D	0x0008      	RETURN
; end of _lcd_initt
_IntToStr:
;__Lib_Conversions.c,146 :: 		
;__Lib_Conversions.c,152 :: 		
0x011E	0x1283      	BCF        STATUS, 5
0x011F	0x1303      	BCF        STATUS, 6
0x0120	0x01E8      	CLRF       IntToStr_negative_L0
0x0121	0x01E9      	CLRF       IntToStr_negative_L0+1
;__Lib_Conversions.c,153 :: 		
0x0122	0x0863      	MOVF       FARG_IntToStr_input, 0
0x0123	0x00EA      	MOVWF      IntToStr_inword_L0
0x0124	0x0864      	MOVF       FARG_IntToStr_input+1, 0
0x0125	0x00EB      	MOVWF      IntToStr_inword_L0+1
;__Lib_Conversions.c,154 :: 		
0x0126	0x3080      	MOVLW      128
0x0127	0x0664      	XORWF      FARG_IntToStr_input+1, 0
0x0128	0x00F0      	MOVWF      R0
0x0129	0x3080      	MOVLW      128
0x012A	0x0270      	SUBWF      R0, 0
0x012B	0x1D03      	BTFSS      STATUS, 2
0x012C	0x292F      	GOTO       L__IntToStr115
0x012D	0x3000      	MOVLW      0
0x012E	0x0263      	SUBWF      FARG_IntToStr_input, 0
L__IntToStr115:
0x012F	0x1803      	BTFSC      STATUS, 0
0x0130	0x293D      	GOTO       L_IntToStr23
;__Lib_Conversions.c,155 :: 		
0x0131	0x3001      	MOVLW      1
0x0132	0x00E8      	MOVWF      IntToStr_negative_L0
0x0133	0x3000      	MOVLW      0
0x0134	0x00E9      	MOVWF      IntToStr_negative_L0+1
;__Lib_Conversions.c,156 :: 		
0x0135	0x0863      	MOVF       FARG_IntToStr_input, 0
0x0136	0x3C00      	SUBLW      0
0x0137	0x00EA      	MOVWF      IntToStr_inword_L0
0x0138	0x0864      	MOVF       FARG_IntToStr_input+1, 0
0x0139	0x1C03      	BTFSS      STATUS, 0
0x013A	0x3E01      	ADDLW      1
0x013B	0x01EB      	CLRF       IntToStr_inword_L0+1
0x013C	0x02EB      	SUBWF      IntToStr_inword_L0+1, 1
;__Lib_Conversions.c,157 :: 		
L_IntToStr23:
;__Lib_Conversions.c,158 :: 		
0x013D	0x086A      	MOVF       IntToStr_inword_L0, 0
0x013E	0x00EC      	MOVWF      FARG_WordToStr_input
0x013F	0x086B      	MOVF       IntToStr_inword_L0+1, 0
0x0140	0x00ED      	MOVWF      FARG_WordToStr_input+1
0x0141	0x0865      	MOVF       FARG_IntToStr_output, 0
0x0142	0x00EE      	MOVWF      FARG_WordToStr_output
0x0143	0x2054      	CALL       _WordToStr
;__Lib_Conversions.c,160 :: 		
0x0144	0x3006      	MOVLW      6
0x0145	0x00E6      	MOVWF      IntToStr_i_L0
0x0146	0x3000      	MOVLW      0
0x0147	0x00E7      	MOVWF      IntToStr_i_L0+1
;__Lib_Conversions.c,161 :: 		
L_IntToStr24:
0x0148	0x0867      	MOVF       IntToStr_i_L0+1, 0
0x0149	0x3C00      	SUBLW      0
0x014A	0x1D03      	BTFSS      STATUS, 2
0x014B	0x294E      	GOTO       L__IntToStr116
0x014C	0x0866      	MOVF       IntToStr_i_L0, 0
0x014D	0x3C00      	SUBLW      0
L__IntToStr116:
0x014E	0x1803      	BTFSC      STATUS, 0
0x014F	0x2969      	GOTO       L_IntToStr25
;__Lib_Conversions.c,162 :: 		
0x0150	0x0866      	MOVF       IntToStr_i_L0, 0
0x0151	0x0765      	ADDWF      FARG_IntToStr_output, 0
0x0152	0x00F2      	MOVWF      R2
0x0153	0x3001      	MOVLW      1
0x0154	0x0266      	SUBWF      IntToStr_i_L0, 0
0x0155	0x00F0      	MOVWF      R0
0x0156	0x3000      	MOVLW      0
0x0157	0x1C03      	BTFSS      STATUS, 0
0x0158	0x3E01      	ADDLW      1
0x0159	0x0267      	SUBWF      IntToStr_i_L0+1, 0
0x015A	0x00F1      	MOVWF      R0+1
0x015B	0x0870      	MOVF       R0, 0
0x015C	0x0765      	ADDWF      FARG_IntToStr_output, 0
0x015D	0x0084      	MOVWF      FSR
0x015E	0x0800      	MOVF       INDF, 0
0x015F	0x00F0      	MOVWF      R0
0x0160	0x0872      	MOVF       R2, 0
0x0161	0x0084      	MOVWF      FSR
0x0162	0x0870      	MOVF       R0, 0
0x0163	0x0080      	MOVWF      INDF
;__Lib_Conversions.c,163 :: 		
0x0164	0x3001      	MOVLW      1
0x0165	0x02E6      	SUBWF      IntToStr_i_L0, 1
0x0166	0x1C03      	BTFSS      STATUS, 0
0x0167	0x03E7      	DECF       IntToStr_i_L0+1, 1
;__Lib_Conversions.c,164 :: 		
0x0168	0x2948      	GOTO       L_IntToStr24
L_IntToStr25:
;__Lib_Conversions.c,165 :: 		
0x0169	0x0865      	MOVF       FARG_IntToStr_output, 0
0x016A	0x0084      	MOVWF      FSR
0x016B	0x3020      	MOVLW      32
0x016C	0x0080      	MOVWF      INDF
;__Lib_Conversions.c,166 :: 		
0x016D	0x0868      	MOVF       IntToStr_negative_L0, 0
0x016E	0x0469      	IORWF      IntToStr_negative_L0+1, 0
0x016F	0x1903      	BTFSC      STATUS, 2
0x0170	0x2987      	GOTO       L_IntToStr26
;__Lib_Conversions.c,167 :: 		
0x0171	0x01E6      	CLRF       IntToStr_i_L0
0x0172	0x01E7      	CLRF       IntToStr_i_L0+1
;__Lib_Conversions.c,168 :: 		
L_IntToStr27:
0x0173	0x0866      	MOVF       IntToStr_i_L0, 0
0x0174	0x0765      	ADDWF      FARG_IntToStr_output, 0
0x0175	0x0084      	MOVWF      FSR
0x0176	0x0800      	MOVF       INDF, 0
0x0177	0x3A20      	XORLW      32
0x0178	0x1D03      	BTFSS      STATUS, 2
0x0179	0x297E      	GOTO       L_IntToStr28
0x017A	0x0AE6      	INCF       IntToStr_i_L0, 1
0x017B	0x1903      	BTFSC      STATUS, 2
0x017C	0x0AE7      	INCF       IntToStr_i_L0+1, 1
0x017D	0x2973      	GOTO       L_IntToStr27
L_IntToStr28:
;__Lib_Conversions.c,169 :: 		
0x017E	0x3001      	MOVLW      1
0x017F	0x02E6      	SUBWF      IntToStr_i_L0, 1
0x0180	0x1C03      	BTFSS      STATUS, 0
0x0181	0x03E7      	DECF       IntToStr_i_L0+1, 1
;__Lib_Conversions.c,170 :: 		
0x0182	0x0866      	MOVF       IntToStr_i_L0, 0
0x0183	0x0765      	ADDWF      FARG_IntToStr_output, 0
0x0184	0x0084      	MOVWF      FSR
0x0185	0x302D      	MOVLW      45
0x0186	0x0080      	MOVWF      INDF
L_IntToStr26:
;__Lib_Conversions.c,171 :: 		
L_end_IntToStr:
0x0187	0x0008      	RETURN
; end of _IntToStr
___CC2DW:
;__Lib_System.c,134 :: 		
;__Lib_System.c,137 :: 		
_CC2D_Loop1:
;__Lib_System.c,139 :: 		
0x0188	0x2098      	CALL       _____DoICP
0x0189	0x118A      	BCF        PCLATH, 3
0x018A	0x120A      	BCF        PCLATH, 4
;__Lib_System.c,141 :: 		
0x018B	0x0080      	MOVWF      INDF
;__Lib_System.c,142 :: 		
0x018C	0x0A84      	INCF       FSR, 1
;__Lib_System.c,143 :: 		
0x018D	0x0ADF      	INCF       ___DoICPAddr, 1
;__Lib_System.c,145 :: 		
0x018E	0x1903      	BTFSC      STATUS, 2
;__Lib_System.c,146 :: 		
0x018F	0x0AE0      	INCF       ___DoICPAddr+1, 1
;__Lib_System.c,147 :: 		
0x0190	0x03F0      	DECF       R0, 1
;__Lib_System.c,149 :: 		
0x0191	0x1D03      	BTFSS      STATUS, 2
;__Lib_System.c,150 :: 		
0x0192	0x2988      	GOTO       _CC2D_Loop1
;__Lib_System.c,152 :: 		
L_end___CC2DW:
0x0193	0x0008      	RETURN
; end of ___CC2DW
_main:
0x0194	0x229C      	CALL       668
;TP3SB.c,21 :: 		void main()
;TP3SB.c,23 :: 		TRISB = 0x01;
0x0195	0x3001      	MOVLW      1
0x0196	0x1683      	BSF        STATUS, 5
0x0197	0x1303      	BCF        STATUS, 6
0x0198	0x0086      	MOVWF      TRISB
;TP3SB.c,24 :: 		TRISD = 0x00;
0x0199	0x0188      	CLRF       TRISD
;TP3SB.c,25 :: 		TRISE = 0x00;
0x019A	0x0189      	CLRF       TRISE
;TP3SB.c,26 :: 		PORTB = 0x00;
0x019B	0x1283      	BCF        STATUS, 5
0x019C	0x0186      	CLRF       PORTB
;TP3SB.c,28 :: 		OPTION_REG.T0CS = 0; // Incremento via oscilador
0x019D	0x1683      	BSF        STATUS, 5
0x019E	0x1281      	BCF        OPTION_REG, 5
;TP3SB.c,29 :: 		OPTION_REG.PSA = 0; // Ligando o prescaler do TIMER0
0x019F	0x1181      	BCF        OPTION_REG, 3
;TP3SB.c,31 :: 		INTCON.GIE = 1; // Ligando a chave geral da interrupcao
0x01A0	0x178B      	BSF        INTCON, 7
;TP3SB.c,32 :: 		INTCON.PEIE = 1; // Ligando a chave dos perifericos
0x01A1	0x170B      	BSF        INTCON, 6
;TP3SB.c,33 :: 		INTCON.T0IE = 1; // Ligando a interrupcao do TIMER0
0x01A2	0x168B      	BSF        INTCON, 5
;TP3SB.c,35 :: 		OPTION_REG.PS0 = 1; // Bit 0 do prescaler igual a 1
0x01A3	0x1401      	BSF        OPTION_REG, 0
;TP3SB.c,36 :: 		OPTION_REG.PS1 = 1; // Bit 1 do prescaler igual a 1
0x01A4	0x1481      	BSF        OPTION_REG, 1
;TP3SB.c,37 :: 		OPTION_REG.PS2 = 1; // Bit 2 do prescaler igual a 1
0x01A5	0x1501      	BSF        OPTION_REG, 2
;TP3SB.c,40 :: 		TMR0 = 12; // Carga inicial = 12
0x01A6	0x300C      	MOVLW      12
0x01A7	0x1283      	BCF        STATUS, 5
0x01A8	0x0081      	MOVWF      TMR0
;TP3SB.c,42 :: 		txt[0] = 'T';
0x01A9	0x3054      	MOVLW      84
0x01AA	0x1683      	BSF        STATUS, 5
0x01AB	0x00D5      	MOVWF      _txt
;TP3SB.c,43 :: 		txt[1] = 'E';
0x01AC	0x3045      	MOVLW      69
0x01AD	0x00D6      	MOVWF      _txt+1
;TP3SB.c,44 :: 		txt[2] = 'M';
0x01AE	0x304D      	MOVLW      77
0x01AF	0x00D7      	MOVWF      _txt+2
;TP3SB.c,45 :: 		txt[3] = 'P';
0x01B0	0x3050      	MOVLW      80
0x01B1	0x00D8      	MOVWF      _txt+3
;TP3SB.c,46 :: 		txt[4] = 'O';
0x01B2	0x304F      	MOVLW      79
0x01B3	0x00D9      	MOVWF      _txt+4
;TP3SB.c,47 :: 		txt[5] = ' ';
0x01B4	0x3020      	MOVLW      32
0x01B5	0x00DA      	MOVWF      _txt+5
;TP3SB.c,48 :: 		txt[6] = 'T';
0x01B6	0x3054      	MOVLW      84
0x01B7	0x00DB      	MOVWF      _txt+6
;TP3SB.c,49 :: 		txt[7] = 'O';
0x01B8	0x304F      	MOVLW      79
0x01B9	0x00DC      	MOVWF      _txt+7
;TP3SB.c,50 :: 		txt[8] = 'T';
0x01BA	0x3054      	MOVLW      84
0x01BB	0x00DD      	MOVWF      _txt+8
;TP3SB.c,51 :: 		txt[9] = 'A';
0x01BC	0x3041      	MOVLW      65
0x01BD	0x00DE      	MOVWF      _txt+9
;TP3SB.c,52 :: 		txt[10] = 'L';
0x01BE	0x304C      	MOVLW      76
0x01BF	0x00DF      	MOVWF      _txt+10
;TP3SB.c,54 :: 		lcd_initt(); // Inicializa o LCD
0x01C0	0x20E8      	CALL       _lcd_initt
;TP3SB.c,55 :: 		lcd_cmdd(_LCD_CURSOR_OFF); // Desliga o cursor do LCD
0x01C1	0x300C      	MOVLW      12
0x01C2	0x00EC      	MOVWF      FARG_lcd_cmdd_val
0x01C3	0x209F      	CALL       _lcd_cmdd
;TP3SB.c,56 :: 		lcd_str("PRESSIONE S1                            PARA INICIAR  ");
0x01C4	0x3021      	MOVLW      ?lstr1_TP3SB
0x01C5	0x00E3      	MOVWF      FARG_lcd_str_str
0x01C6	0x20D5      	CALL       _lcd_str
;TP3SB.c,58 :: 		while(1)
L_main1:
;TP3SB.c,60 :: 		if(contador == 16) // contador = 16 = 1s
0x01C7	0x0820      	MOVF       _contador, 0
0x01C8	0x3A10      	XORLW      16
0x01C9	0x1D03      	BTFSS      STATUS, 2
0x01CA	0x29DA      	GOTO       L_main3
;TP3SB.c,62 :: 		contador = 0;
0x01CB	0x01A0      	CLRF       _contador
;TP3SB.c,63 :: 		TMR0 = 12;
0x01CC	0x300C      	MOVLW      12
0x01CD	0x0081      	MOVWF      TMR0
;TP3SB.c,65 :: 		if(estado == 1) // Cronometro iniciou
0x01CE	0x3000      	MOVLW      0
0x01CF	0x0659      	XORWF      _estado+1, 0
0x01D0	0x1D03      	BTFSS      STATUS, 2
0x01D1	0x29D4      	GOTO       L__main19
0x01D2	0x3001      	MOVLW      1
0x01D3	0x0658      	XORWF      _estado, 0
L__main19:
0x01D4	0x1D03      	BTFSS      STATUS, 2
0x01D5	0x29D9      	GOTO       L_main4
;TP3SB.c,66 :: 		segundos++;
0x01D6	0x0ADD      	INCF       _segundos, 1
0x01D7	0x1903      	BTFSC      STATUS, 2
0x01D8	0x0ADE      	INCF       _segundos+1, 1
L_main4:
;TP3SB.c,67 :: 		}
0x01D9	0x2A21      	GOTO       L_main5
L_main3:
;TP3SB.c,69 :: 		else if(!PORTB.RB0 && estado == 0)
0x01DA	0x1806      	BTFSC      PORTB, 0
0x01DB	0x29EF      	GOTO       L_main8
0x01DC	0x3000      	MOVLW      0
0x01DD	0x0659      	XORWF      _estado+1, 0
0x01DE	0x1D03      	BTFSS      STATUS, 2
0x01DF	0x29E2      	GOTO       L__main20
0x01E0	0x3000      	MOVLW      0
0x01E1	0x0658      	XORWF      _estado, 0
L__main20:
0x01E2	0x1D03      	BTFSS      STATUS, 2
0x01E3	0x29EF      	GOTO       L_main8
L__main15:
;TP3SB.c,71 :: 		estado = 1;
0x01E4	0x3001      	MOVLW      1
0x01E5	0x00D8      	MOVWF      _estado
0x01E6	0x3000      	MOVLW      0
0x01E7	0x00D9      	MOVWF      _estado+1
;TP3SB.c,73 :: 		lcd_cmdd(L_CLR);
0x01E8	0x3001      	MOVLW      1
0x01E9	0x00EC      	MOVWF      FARG_lcd_cmdd_val
0x01EA	0x209F      	CALL       _lcd_cmdd
;TP3SB.c,74 :: 		lcd_str("PRESSIONE S1                            PARA PARAR  ");
0x01EB	0x30A0      	MOVLW      ?lstr2_TP3SB
0x01EC	0x00E3      	MOVWF      FARG_lcd_str_str
0x01ED	0x20D5      	CALL       _lcd_str
;TP3SB.c,75 :: 		}
0x01EE	0x2A21      	GOTO       L_main9
L_main8:
;TP3SB.c,77 :: 		else if(!PORTB.RB0 && estado == 1)
0x01EF	0x1806      	BTFSC      PORTB, 0
0x01F0	0x2A21      	GOTO       L_main12
0x01F1	0x3000      	MOVLW      0
0x01F2	0x0659      	XORWF      _estado+1, 0
0x01F3	0x1D03      	BTFSS      STATUS, 2
0x01F4	0x29F7      	GOTO       L__main21
0x01F5	0x3001      	MOVLW      1
0x01F6	0x0658      	XORWF      _estado, 0
L__main21:
0x01F7	0x1D03      	BTFSS      STATUS, 2
0x01F8	0x2A21      	GOTO       L_main12
L__main14:
;TP3SB.c,79 :: 		estado = 2;
0x01F9	0x3002      	MOVLW      2
0x01FA	0x00D8      	MOVWF      _estado
0x01FB	0x3000      	MOVLW      0
0x01FC	0x00D9      	MOVWF      _estado+1
;TP3SB.c,81 :: 		lcd_cmdd(L_CLR);
0x01FD	0x3001      	MOVLW      1
0x01FE	0x00EC      	MOVWF      FARG_lcd_cmdd_val
0x01FF	0x209F      	CALL       _lcd_cmdd
;TP3SB.c,82 :: 		lcd_str(txt);
0x0200	0x30D5      	MOVLW      _txt
0x0201	0x00E3      	MOVWF      FARG_lcd_str_str
0x0202	0x20D5      	CALL       _lcd_str
;TP3SB.c,83 :: 		delay_ms(2000);
0x0203	0x300B      	MOVLW      11
0x0204	0x00FB      	MOVWF      R11
0x0205	0x3026      	MOVLW      38
0x0206	0x00FC      	MOVWF      R12
0x0207	0x305D      	MOVLW      93
0x0208	0x00FD      	MOVWF      R13
L_main13:
0x0209	0x0BFD      	DECFSZ     R13, 1
0x020A	0x2A09      	GOTO       L_main13
0x020B	0x0BFC      	DECFSZ     R12, 1
0x020C	0x2A09      	GOTO       L_main13
0x020D	0x0BFB      	DECFSZ     R11, 1
0x020E	0x2A09      	GOTO       L_main13
0x020F	0x0000      	NOP
0x0210	0x0000      	NOP
;TP3SB.c,84 :: 		lcd_cmdd(L_CLR);
0x0211	0x3001      	MOVLW      1
0x0212	0x00EC      	MOVWF      FARG_lcd_cmdd_val
0x0213	0x209F      	CALL       _lcd_cmdd
;TP3SB.c,85 :: 		IntToStr(segundos, txt);
0x0214	0x085D      	MOVF       _segundos, 0
0x0215	0x00E3      	MOVWF      FARG_IntToStr_input
0x0216	0x085E      	MOVF       _segundos+1, 0
0x0217	0x00E4      	MOVWF      FARG_IntToStr_input+1
0x0218	0x30D5      	MOVLW      _txt
0x0219	0x00E5      	MOVWF      FARG_IntToStr_output
0x021A	0x211E      	CALL       _IntToStr
;TP3SB.c,86 :: 		lcd_str(txt);
0x021B	0x30D5      	MOVLW      _txt
0x021C	0x00E3      	MOVWF      FARG_lcd_str_str
0x021D	0x20D5      	CALL       _lcd_str
;TP3SB.c,87 :: 		lcd_str(" s");
0x021E	0x305A      	MOVLW      ?lstr3_TP3SB
0x021F	0x00E3      	MOVWF      FARG_lcd_str_str
0x0220	0x20D5      	CALL       _lcd_str
;TP3SB.c,88 :: 		}
L_main12:
L_main9:
L_main5:
;TP3SB.c,90 :: 		}
0x0221	0x29C7      	GOTO       L_main1
;TP3SB.c,91 :: 		}
L_end_main:
0x0222	0x2A22      	GOTO       $+0
; end of _main
0x029C	0x3020      	MOVLW      32
0x029D	0x0084      	MOVWF      FSR
0x029E	0x303D      	MOVLW      61
0x029F	0x1283      	BCF        STATUS, 5
0x02A0	0x1303      	BCF        STATUS, 6
0x02A1	0x00F0      	MOVWF      R0
0x02A2	0x3028      	MOVLW      40
0x02A3	0x00DF      	MOVWF      ___DoICPAddr
0x02A4	0x3002      	MOVLW      2
0x02A5	0x00E0      	MOVWF      96
0x02A6	0x2188      	CALL       392
0x02A7	0x30A0      	MOVLW      160
0x02A8	0x0084      	MOVWF      FSR
0x02A9	0x3035      	MOVLW      53
0x02AA	0x00F0      	MOVWF      R0
0x02AB	0x3065      	MOVLW      101
0x02AC	0x00DF      	MOVWF      ___DoICPAddr
0x02AD	0x3002      	MOVLW      2
0x02AE	0x00E0      	MOVWF      96
0x02AF	0x2188      	CALL       392
0x02B0	0x305D      	MOVLW      93
0x02B1	0x0084      	MOVWF      FSR
0x02B2	0x3002      	MOVLW      2
0x02B3	0x00F0      	MOVWF      R0
0x02B4	0x309A      	MOVLW      154
0x02B5	0x00DF      	MOVWF      ___DoICPAddr
0x02B6	0x3002      	MOVLW      2
0x02B7	0x00E0      	MOVWF      96
0x02B8	0x2188      	CALL       392
0x02B9	0x0008      	RETURN
;TP3SB.c,0 :: ?ICS_contador
0x0228	0x3400 ;?ICS_contador+0
; end of ?ICS_contador
;TP3SB.c,0 :: ?ICS?lstr1_TP3SB
0x0229	0x3450 ;?ICS?lstr1_TP3SB+0
0x022A	0x3452 ;?ICS?lstr1_TP3SB+1
0x022B	0x3445 ;?ICS?lstr1_TP3SB+2
0x022C	0x3453 ;?ICS?lstr1_TP3SB+3
0x022D	0x3453 ;?ICS?lstr1_TP3SB+4
0x022E	0x3449 ;?ICS?lstr1_TP3SB+5
0x022F	0x344F ;?ICS?lstr1_TP3SB+6
0x0230	0x344E ;?ICS?lstr1_TP3SB+7
0x0231	0x3445 ;?ICS?lstr1_TP3SB+8
0x0232	0x3420 ;?ICS?lstr1_TP3SB+9
0x0233	0x3453 ;?ICS?lstr1_TP3SB+10
0x0234	0x3431 ;?ICS?lstr1_TP3SB+11
0x0235	0x3420 ;?ICS?lstr1_TP3SB+12
0x0236	0x3420 ;?ICS?lstr1_TP3SB+13
0x0237	0x3420 ;?ICS?lstr1_TP3SB+14
0x0238	0x3420 ;?ICS?lstr1_TP3SB+15
0x0239	0x3420 ;?ICS?lstr1_TP3SB+16
0x023A	0x3420 ;?ICS?lstr1_TP3SB+17
0x023B	0x3420 ;?ICS?lstr1_TP3SB+18
0x023C	0x3420 ;?ICS?lstr1_TP3SB+19
0x023D	0x3420 ;?ICS?lstr1_TP3SB+20
0x023E	0x3420 ;?ICS?lstr1_TP3SB+21
0x023F	0x3420 ;?ICS?lstr1_TP3SB+22
0x0240	0x3420 ;?ICS?lstr1_TP3SB+23
0x0241	0x3420 ;?ICS?lstr1_TP3SB+24
0x0242	0x3420 ;?ICS?lstr1_TP3SB+25
0x0243	0x3420 ;?ICS?lstr1_TP3SB+26
0x0244	0x3420 ;?ICS?lstr1_TP3SB+27
0x0245	0x3420 ;?ICS?lstr1_TP3SB+28
0x0246	0x3420 ;?ICS?lstr1_TP3SB+29
0x0247	0x3420 ;?ICS?lstr1_TP3SB+30
0x0248	0x3420 ;?ICS?lstr1_TP3SB+31
0x0249	0x3420 ;?ICS?lstr1_TP3SB+32
0x024A	0x3420 ;?ICS?lstr1_TP3SB+33
0x024B	0x3420 ;?ICS?lstr1_TP3SB+34
0x024C	0x3420 ;?ICS?lstr1_TP3SB+35
0x024D	0x3420 ;?ICS?lstr1_TP3SB+36
0x024E	0x3420 ;?ICS?lstr1_TP3SB+37
0x024F	0x3420 ;?ICS?lstr1_TP3SB+38
0x0250	0x3420 ;?ICS?lstr1_TP3SB+39
0x0251	0x3450 ;?ICS?lstr1_TP3SB+40
0x0252	0x3441 ;?ICS?lstr1_TP3SB+41
0x0253	0x3452 ;?ICS?lstr1_TP3SB+42
0x0254	0x3441 ;?ICS?lstr1_TP3SB+43
0x0255	0x3420 ;?ICS?lstr1_TP3SB+44
0x0256	0x3449 ;?ICS?lstr1_TP3SB+45
0x0257	0x344E ;?ICS?lstr1_TP3SB+46
0x0258	0x3449 ;?ICS?lstr1_TP3SB+47
0x0259	0x3443 ;?ICS?lstr1_TP3SB+48
0x025A	0x3449 ;?ICS?lstr1_TP3SB+49
0x025B	0x3441 ;?ICS?lstr1_TP3SB+50
0x025C	0x3452 ;?ICS?lstr1_TP3SB+51
0x025D	0x3420 ;?ICS?lstr1_TP3SB+52
0x025E	0x3420 ;?ICS?lstr1_TP3SB+53
0x025F	0x3400 ;?ICS?lstr1_TP3SB+54
; end of ?ICS?lstr1_TP3SB
;TP3SB.c,0 :: ?ICS_estado
0x0260	0x3400 ;?ICS_estado+0
0x0261	0x3400 ;?ICS_estado+1
; end of ?ICS_estado
;TP3SB.c,0 :: ?ICS?lstr3_TP3SB
0x0262	0x3420 ;?ICS?lstr3_TP3SB+0
0x0263	0x3473 ;?ICS?lstr3_TP3SB+1
0x0264	0x3400 ;?ICS?lstr3_TP3SB+2
; end of ?ICS?lstr3_TP3SB
;TP3SB.c,0 :: ?ICS?lstr2_TP3SB
0x0265	0x3450 ;?ICS?lstr2_TP3SB+0
0x0266	0x3452 ;?ICS?lstr2_TP3SB+1
0x0267	0x3445 ;?ICS?lstr2_TP3SB+2
0x0268	0x3453 ;?ICS?lstr2_TP3SB+3
0x0269	0x3453 ;?ICS?lstr2_TP3SB+4
0x026A	0x3449 ;?ICS?lstr2_TP3SB+5
0x026B	0x344F ;?ICS?lstr2_TP3SB+6
0x026C	0x344E ;?ICS?lstr2_TP3SB+7
0x026D	0x3445 ;?ICS?lstr2_TP3SB+8
0x026E	0x3420 ;?ICS?lstr2_TP3SB+9
0x026F	0x3453 ;?ICS?lstr2_TP3SB+10
0x0270	0x3431 ;?ICS?lstr2_TP3SB+11
0x0271	0x3420 ;?ICS?lstr2_TP3SB+12
0x0272	0x3420 ;?ICS?lstr2_TP3SB+13
0x0273	0x3420 ;?ICS?lstr2_TP3SB+14
0x0274	0x3420 ;?ICS?lstr2_TP3SB+15
0x0275	0x3420 ;?ICS?lstr2_TP3SB+16
0x0276	0x3420 ;?ICS?lstr2_TP3SB+17
0x0277	0x3420 ;?ICS?lstr2_TP3SB+18
0x0278	0x3420 ;?ICS?lstr2_TP3SB+19
0x0279	0x3420 ;?ICS?lstr2_TP3SB+20
0x027A	0x3420 ;?ICS?lstr2_TP3SB+21
0x027B	0x3420 ;?ICS?lstr2_TP3SB+22
0x027C	0x3420 ;?ICS?lstr2_TP3SB+23
0x027D	0x3420 ;?ICS?lstr2_TP3SB+24
0x027E	0x3420 ;?ICS?lstr2_TP3SB+25
0x027F	0x3420 ;?ICS?lstr2_TP3SB+26
0x0280	0x3420 ;?ICS?lstr2_TP3SB+27
0x0281	0x3420 ;?ICS?lstr2_TP3SB+28
0x0282	0x3420 ;?ICS?lstr2_TP3SB+29
0x0283	0x3420 ;?ICS?lstr2_TP3SB+30
0x0284	0x3420 ;?ICS?lstr2_TP3SB+31
0x0285	0x3420 ;?ICS?lstr2_TP3SB+32
0x0286	0x3420 ;?ICS?lstr2_TP3SB+33
0x0287	0x3420 ;?ICS?lstr2_TP3SB+34
0x0288	0x3420 ;?ICS?lstr2_TP3SB+35
0x0289	0x3420 ;?ICS?lstr2_TP3SB+36
0x028A	0x3420 ;?ICS?lstr2_TP3SB+37
0x028B	0x3420 ;?ICS?lstr2_TP3SB+38
0x028C	0x3420 ;?ICS?lstr2_TP3SB+39
0x028D	0x3450 ;?ICS?lstr2_TP3SB+40
0x028E	0x3441 ;?ICS?lstr2_TP3SB+41
0x028F	0x3452 ;?ICS?lstr2_TP3SB+42
0x0290	0x3441 ;?ICS?lstr2_TP3SB+43
0x0291	0x3420 ;?ICS?lstr2_TP3SB+44
0x0292	0x3450 ;?ICS?lstr2_TP3SB+45
0x0293	0x3441 ;?ICS?lstr2_TP3SB+46
0x0294	0x3452 ;?ICS?lstr2_TP3SB+47
0x0295	0x3441 ;?ICS?lstr2_TP3SB+48
0x0296	0x3452 ;?ICS?lstr2_TP3SB+49
0x0297	0x3420 ;?ICS?lstr2_TP3SB+50
0x0298	0x3420 ;?ICS?lstr2_TP3SB+51
0x0299	0x3400 ;?ICS?lstr2_TP3SB+52
; end of ?ICS?lstr2_TP3SB
;TP3SB.c,0 :: ?ICS_segundos
0x029A	0x3400 ;?ICS_segundos+0
0x029B	0x3400 ;?ICS_segundos+1
; end of ?ICS_segundos
Symbol List:
//** Routines locations **
//ADDRESS    SIZE    PROCEDURE
//----------------------------------------------
0x0004      [20]    _interrupt
0x0018      [29]    _Div_16X16_U
0x0035       [6]    _lcd_wr
0x003B      [25]    _atraso_ms
0x0054      [68]    _WordToStr
0x0098       [7]    _____DoICP
0x009F      [27]    _lcd_cmdd
0x00BA      [27]    _lcd_dat
0x00D5      [19]    _lcd_str
0x00E8      [54]    _lcd_initt
0x011E     [106]    _IntToStr
0x0188      [12]    ___CC2DW
0x0194     [142]    _main
//** Variables locations ** 
//ADDRESS    SIZE    VARIABLE
//----------------------------------------------
0x0000       [1]    INDF
0x0001       [1]    TMR0
0x0002       [1]    PCL
0x0003       [1]    STATUS
0x0004       [1]    FSR
0x0006       [1]    PORTB
0x0008       [1]    PORTD
0x0009       [1]    PORTE
0x000A       [1]    PCLATH
0x000B       [1]    INTCON
0x0020       [1]    _contador
0x0021      [55]    ?lstr1_TP3SB
0x0058       [2]    _estado
0x005A       [3]    ?lstr3_TP3SB
0x005D       [2]    _segundos
0x005F       [2]    ___DoICPAddr
0x0061       [1]    ___saveSTATUS
0x0062       [1]    ___savePCLATH
0x0063       [1]    FARG_lcd_str_str
0x0063       [2]    FARG_IntToStr_input
0x0064       [1]    lcd_str_i_L0
0x0065       [1]    FARG_IntToStr_output
0x0066       [2]    IntToStr_i_L0
0x0068       [2]    IntToStr_negative_L0
0x006A       [2]    IntToStr_inword_L0
0x006C       [2]    FARG_WordToStr_input
0x006C       [1]    FARG_lcd_dat_val
0x006C       [1]    FARG_lcd_cmdd_val
0x006E       [1]    FARG_WordToStr_output
0x006F       [1]    WordToStr_len_L0
0x0070       [1]    R0
0x0071       [1]    R1
0x0072       [1]    R2
0x0073       [1]    R3
0x0074       [1]    R4
0x0075       [1]    R5
0x0076       [1]    R6
0x0077       [1]    R7
0x0078       [1]    R8
0x0079       [1]    R9
0x007A       [1]    R10
0x007B       [1]    R11
0x007C       [1]    R12
0x007D       [1]    R13
0x007E       [1]    R14
0x007F       [1]    R15
0x0081       [1]    OPTION_REG
0x0086       [1]    TRISB
0x0088       [1]    TRISD
0x0089       [1]    TRISE
0x00A0      [53]    ?lstr2_TP3SB
0x00D5      [15]    _txt
0x00E4       [1]    FLOC__WordToStr
0x00E5       [2]    FARG_atraso_ms_valor
0x00E5       [1]    FARG_lcd_wr_val
//** Constants locations ** 
//ADDRESS    SIZE    CONSTANT
//----------------------------------------------
0x0228       [1]    ?ICS_contador
0x0229      [55]    ?ICS?lstr1_TP3SB
0x0260       [2]    ?ICS_estado
0x0262       [3]    ?ICS?lstr3_TP3SB
0x0265      [53]    ?ICS?lstr2_TP3SB
0x029A       [2]    ?ICS_segundos
